<?xml version="1.0" encoding="UTF-8"?>
<!-- Generated by org.testng.reporters.JUnitReportReporter -->
<testsuite hostname="hp" failures="0" tests="1" name="testScript.SendContactDetailsTest" time="14.984" errors="0" timestamp="2023-05-29T11:28:20 IST" skipped="0">
  <testcase classname="testScript.SendContactDetailsTest" name="sendContactDetailTest" time="14.984"/>
  <system-out/>
</testsuite> <!-- testScript.SendContactDetailsTest -->
